# JRE version: OpenJDK Runtime Environment Temurin-21.0.10+7 (21.0.10+7) (build 21.0.10+7-LTS)
# Java VM: OpenJDK 64-Bit Server VM Temurin-21.0.10+7 (21.0.10+7-LTS, mixed mode, sharing, tiered, compressed oops, compressed class ptrs, parallel gc, windows-amd64)
GC Precious Log:
 CardTable entry size: 512
 CPUs: 12 total, 12 available
 Memory: 16163M
 Large Page Support: Disabled
 NUMA Support: Disabled
 Compressed Oops: Enabled (32-bit)
 Alignments: Space 512K, Generation 512K, Heap 2M
 Heap Min Capacity: 100M
 Heap Initial Capacity: 100M
 Heap Max Capacity: 2G
 Pre-touch: Disabled
 Parallel Workers: 10
Heap:
 PSYoungGen      total 7680K, used 6686K [0x00000000d5580000, 0x00000000d6100000, 0x0000000100000000)
  eden space 7168K, 86% used [0x00000000d5580000,0x00000000d5b8a828,0x00000000d5c80000)
  from space 512K, 97% used [0x00000000d5e80000,0x00000000d5efd050,0x00000000d5f00000)
  to   space 2048K, 0% used [0x00000000d5c80000,0x00000000d5c80000,0x00000000d5e80000)
 ParOldGen       total 728064K, used 209553K [0x0000000080000000, 0x00000000ac700000, 0x00000000d5580000)
  object space 728064K, 28% used [0x0000000080000000,0x000000008cca47a8,0x00000000ac700000)
 Metaspace       used 84521K, committed 86400K, reserved 1179648K
  class space    used 8668K, committed 9536K, reserved 1048576K
GC Heap History (20 events):
Event: 747.604 GC heap before
{Heap before GC invocations=1234 (full 5):
 PSYoungGen      total 9216K, used 9072K [0x00000000d5580000, 0x00000000d6000000, 0x0000000100000000)
  eden space 8192K, 100% used [0x00000000d5580000,0x00000000d5d80000,0x00000000d5d80000)
  from space 1024K, 85% used [0x00000000d5f00000,0x00000000d5fdc010,0x00000000d6000000)
  to   space 1024K, 0% used [0x00000000d5e00000,0x00000000d5e00000,0x00000000d5f00000)
 ParOldGen       total 728064K, used 202947K [0x0000000080000000, 0x00000000ac700000, 0x00000000d5580000)
  object space 728064K, 27% used [0x0000000080000000,0x000000008c630fb0,0x00000000ac700000)
 Metaspace       used 84502K, committed 86400K, reserved 1179648K
  class space    used 8668K, committed 9536K, reserved 1048576K
}
Event: 747.607 GC heap after
{Heap after GC invocations=1234 (full 5):
 PSYoungGen      total 9216K, used 1024K [0x00000000d5580000, 0x00000000d6080000, 0x0000000100000000)
  eden space 8192K, 0% used [0x00000000d5580000,0x00000000d5580000,0x00000000d5d80000)
  from space 1024K, 100% used [0x00000000d5e00000,0x00000000d5f00000,0x00000000d5f00000)
  to   space 1536K, 0% used [0x00000000d5f00000,0x00000000d5f00000,0x00000000d6080000)
 ParOldGen       total 728064K, used 203527K [0x0000000080000000, 0x00000000ac700000, 0x00000000d5580000)
  object space 728064K, 27% used [0x0000000080000000,0x000000008c6c1fc0,0x00000000ac700000)
 Metaspace       used 84502K, committed 86400K, reserved 1179648K
  class space    used 8668K, committed 9536K, reserved 1048576K
}
Event: 747.634 GC heap before
{Heap before GC invocations=1235 (full 5):
 PSYoungGen      total 9216K, used 9216K [0x00000000d5580000, 0x00000000d6080000, 0x0000000100000000)
  eden space 8192K, 100% used [0x00000000d5580000,0x00000000d5d80000,0x00000000d5d80000)
  from space 1024K, 100% used [0x00000000d5e00000,0x00000000d5f00000,0x00000000d5f00000)
  to   space 1536K, 0% used [0x00000000d5f00000,0x00000000d5f00000,0x00000000d6080000)
 ParOldGen       total 728064K, used 203527K [0x0000000080000000, 0x00000000ac700000, 0x00000000d5580000)
  object space 728064K, 27% used [0x0000000080000000,0x000000008c6c1fc0,0x00000000ac700000)
 Metaspace       used 84505K, committed 86400K, reserved 1179648K
  class space    used 8668K, committed 9536K, reserved 1048576K
}
Event: 747.637 GC heap after
{Heap after GC invocations=1235 (full 5):
 PSYoungGen      total 9216K, used 736K [0x00000000d5580000, 0x00000000d6000000, 0x0000000100000000)
  eden space 8192K, 0% used [0x00000000d5580000,0x00000000d5580000,0x00000000d5d80000)
  from space 1024K, 71% used [0x00000000d5f00000,0x00000000d5fb8020,0x00000000d6000000)
  to   space 1024K, 0% used [0x00000000d5e00000,0x00000000d5e00000,0x00000000d5f00000)
 ParOldGen       total 728064K, used 204259K [0x0000000080000000, 0x00000000ac700000, 0x00000000d5580000)
  object space 728064K, 28% used [0x0000000080000000,0x000000008c778fd0,0x00000000ac700000)
 Metaspace       used 84505K, committed 86400K, reserved 1179648K
  class space    used 8668K, committed 9536K, reserved 1048576K
}
Event: 747.658 GC heap before
{Heap before GC invocations=1236 (full 5):
 PSYoungGen      total 9216K, used 8928K [0x00000000d5580000, 0x00000000d6000000, 0x0000000100000000)
  eden space 8192K, 100% used [0x00000000d5580000,0x00000000d5d80000,0x00000000d5d80000)
  from space 1024K, 71% used [0x00000000d5f00000,0x00000000d5fb8020,0x00000000d6000000)
  to   space 1024K, 0% used [0x00000000d5e00000,0x00000000d5e00000,0x00000000d5f00000)
 ParOldGen       total 728064K, used 204259K [0x0000000080000000, 0x00000000ac700000, 0x00000000d5580000)
  object space 728064K, 28% used [0x0000000080000000,0x000000008c778fd0,0x00000000ac700000)
 Metaspace       used 84505K, committed 86400K, reserved 1179648K
  class space    used 8668K, committed 9536K, reserved 1048576K
}
Event: 747.659 GC heap after
{Heap after GC invocations=1236 (full 5):
 PSYoungGen      total 9216K, used 912K [0x00000000d5580000, 0x00000000d5f80000, 0x0000000100000000)
  eden space 8192K, 0% used [0x00000000d5580000,0x00000000d5580000,0x00000000d5d80000)
  from space 1024K, 89% used [0x00000000d5e00000,0x00000000d5ee4010,0x00000000d5f00000)
  to   space 512K, 0% used [0x00000000d5f00000,0x00000000d5f00000,0x00000000d5f80000)
 ParOldGen       total 728064K, used 204707K [0x0000000080000000, 0x00000000ac700000, 0x00000000d5580000)
  object space 728064K, 28% used [0x0000000080000000,0x000000008c7e8fd0,0x00000000ac700000)
 Metaspace       used 84505K, committed 86400K, reserved 1179648K
  class space    used 8668K, committed 9536K, reserved 1048576K
}
Event: 747.719 GC heap before
{Heap before GC invocations=1237 (full 5):
 PSYoungGen      total 9216K, used 9104K [0x00000000d5580000, 0x00000000d5f80000, 0x0000000100000000)
  eden space 8192K, 100% used [0x00000000d5580000,0x00000000d5d80000,0x00000000d5d80000)
  from space 1024K, 89% used [0x00000000d5e00000,0x00000000d5ee4010,0x00000000d5f00000)
  to   space 512K, 0% used [0x00000000d5f00000,0x00000000d5f00000,0x00000000d5f80000)
 ParOldGen       total 728064K, used 204707K [0x0000000080000000, 0x00000000ac700000, 0x00000000d5580000)
  object space 728064K, 28% used [0x0000000080000000,0x000000008c7e8fd0,0x00000000ac700000)
 Metaspace       used 84505K, committed 86400K, reserved 1179648K
  class space    used 8668K, committed 9536K, reserved 1048576K
}
Event: 747.722 GC heap after
{Heap after GC invocations=1237 (full 5):
 PSYoungGen      total 8192K, used 512K [0x00000000d5580000, 0x00000000d6180000, 0x0000000100000000)
  eden space 7680K, 0% used [0x00000000d5580000,0x00000000d5580000,0x00000000d5d00000)
  from space 512K, 100% used [0x00000000d5f00000,0x00000000d5f80000,0x00000000d5f80000)
  to   space 2048K, 0% used [0x00000000d5d00000,0x00000000d5d00000,0x00000000d5f00000)
 ParOldGen       total 728064K, used 205739K [0x0000000080000000, 0x00000000ac700000, 0x00000000d5580000)
  object space 728064K, 28% used [0x0000000080000000,0x000000008c8ead80,0x00000000ac700000)
 Metaspace       used 84505K, committed 86400K, reserved 1179648K
  class space    used 8668K, committed 9536K, reserved 1048576K
}
Event: 747.774 GC heap before
{Heap before GC invocations=1238 (full 5):
 PSYoungGen      total 8192K, used 8192K [0x00000000d5580000, 0x00000000d6180000, 0x0000000100000000)
  eden space 7680K, 100% used [0x00000000d5580000,0x00000000d5d00000,0x00000000d5d00000)
  from space 512K, 100% used [0x00000000d5f00000,0x00000000d5f80000,0x00000000d5f80000)
  to   space 2048K, 0% used [0x00000000d5d00000,0x00000000d5d00000,0x00000000d5f00000)
 ParOldGen       total 728064K, used 205739K [0x0000000080000000, 0x00000000ac700000, 0x00000000d5580000)
  object space 728064K, 28% used [0x0000000080000000,0x000000008c8ead80,0x00000000ac700000)
 Metaspace       used 84509K, committed 86400K, reserved 1179648K
  class space    used 8668K, committed 9536K, reserved 1048576K
}
Event: 747.776 GC heap after
{Heap after GC invocations=1238 (full 5):
 PSYoungGen      total 9216K, used 1152K [0x00000000d5580000, 0x00000000d6000000, 0x0000000100000000)
  eden space 7680K, 0% used [0x00000000d5580000,0x00000000d5580000,0x00000000d5d00000)
  from space 1536K, 75% used [0x00000000d5d00000,0x00000000d5e20000,0x00000000d5e80000)
  to   space 1536K, 0% used [0x00000000d5e80000,0x00000000d5e80000,0x00000000d6000000)
 ParOldGen       total 728064K, used 206267K [0x0000000080000000, 0x00000000ac700000, 0x00000000d5580000)
  object space 728064K, 28% used [0x0000000080000000,0x000000008c96ed80,0x00000000ac700000)
 Metaspace       used 84509K, committed 86400K, reserved 1179648K
  class space    used 8668K, committed 9536K, reserved 1048576K
}
Event: 747.789 GC heap before
{Heap before GC invocations=1239 (full 5):
 PSYoungGen      total 9216K, used 8829K [0x00000000d5580000, 0x00000000d6000000, 0x0000000100000000)
  eden space 7680K, 99% used [0x00000000d5580000,0x00000000d5cff6f8,0x00000000d5d00000)
  from space 1536K, 75% used [0x00000000d5d00000,0x00000000d5e20000,0x00000000d5e80000)
  to   space 1536K, 0% used [0x00000000d5e80000,0x00000000d5e80000,0x00000000d6000000)
 ParOldGen       total 728064K, used 206267K [0x0000000080000000, 0x00000000ac700000, 0x00000000d5580000)
  object space 728064K, 28% used [0x0000000080000000,0x000000008c96ed80,0x00000000ac700000)
 Metaspace       used 84510K, committed 86400K, reserved 1179648K
  class space    used 8668K, committed 9536K, reserved 1048576K
}
Event: 747.791 GC heap after
{Heap after GC invocations=1239 (full 5):
 PSYoungGen      total 9216K, used 960K [0x00000000d5580000, 0x00000000d6000000, 0x0000000100000000)
  eden space 7680K, 0% used [0x00000000d5580000,0x00000000d5580000,0x00000000d5d00000)
  from space 1536K, 62% used [0x00000000d5e80000,0x00000000d5f70000,0x00000000d6000000)
  to   space 1536K, 0% used [0x00000000d5d00000,0x00000000d5d00000,0x00000000d5e80000)
 ParOldGen       total 728064K, used 206819K [0x0000000080000000, 0x00000000ac700000, 0x00000000d5580000)
  object space 728064K, 28% used [0x0000000080000000,0x000000008c9f8d80,0x00000000ac700000)
 Metaspace       used 84510K, committed 86400K, reserved 1179648K
  class space    used 8668K, committed 9536K, reserved 1048576K
}
Event: 747.803 GC heap before
{Heap before GC invocations=1240 (full 5):
 PSYoungGen      total 9216K, used 8640K [0x00000000d5580000, 0x00000000d6000000, 0x0000000100000000)
  eden space 7680K, 100% used [0x00000000d5580000,0x00000000d5d00000,0x00000000d5d00000)
  from space 1536K, 62% used [0x00000000d5e80000,0x00000000d5f70000,0x00000000d6000000)
  to   space 1536K, 0% used [0x00000000d5d00000,0x00000000d5d00000,0x00000000d5e80000)
 ParOldGen       total 728064K, used 206819K [0x0000000080000000, 0x00000000ac700000, 0x00000000d5580000)
  object space 728064K, 28% used [0x0000000080000000,0x000000008c9f8d80,0x00000000ac700000)
 Metaspace       used 84511K, committed 86400K, reserved 1179648K
  class space    used 8668K, committed 9536K, reserved 1048576K
}
Event: 747.805 GC heap after
{Heap after GC invocations=1240 (full 5):
 PSYoungGen      total 9216K, used 1024K [0x00000000d5580000, 0x00000000d6000000, 0x0000000100000000)
  eden space 7680K, 0% used [0x00000000d5580000,0x00000000d5580000,0x00000000d5d00000)
  from space 1536K, 66% used [0x00000000d5d00000,0x00000000d5e00020,0x00000000d5e80000)
  to   space 1536K, 0% used [0x00000000d5e80000,0x00000000d5e80000,0x00000000d6000000)
 ParOldGen       total 728064K, used 207631K [0x0000000080000000, 0x00000000ac700000, 0x00000000d5580000)
  object space 728064K, 28% used [0x0000000080000000,0x000000008cac3d90,0x00000000ac700000)
 Metaspace       used 84511K, committed 86400K, reserved 1179648K
  class space    used 8668K, committed 9536K, reserved 1048576K
}
Event: 747.824 GC heap before
{Heap before GC invocations=1241 (full 5):
 PSYoungGen      total 9216K, used 8704K [0x00000000d5580000, 0x00000000d6000000, 0x0000000100000000)
  eden space 7680K, 100% used [0x00000000d5580000,0x00000000d5d00000,0x00000000d5d00000)
  from space 1536K, 66% used [0x00000000d5d00000,0x00000000d5e00020,0x00000000d5e80000)
  to   space 1536K, 0% used [0x00000000d5e80000,0x00000000d5e80000,0x00000000d6000000)
 ParOldGen       total 728064K, used 207631K [0x0000000080000000, 0x00000000ac700000, 0x00000000d5580000)
  object space 728064K, 28% used [0x0000000080000000,0x000000008cac3d90,0x00000000ac700000)
 Metaspace       used 84511K, committed 86400K, reserved 1179648K
  class space    used 8668K, committed 9536K, reserved 1048576K
}
Event: 747.826 GC heap after
{Heap after GC invocations=1241 (full 5):
 PSYoungGen      total 8704K, used 720K [0x00000000d5580000, 0x00000000d5f80000, 0x0000000100000000)
  eden space 7680K, 0% used [0x00000000d5580000,0x00000000d5580000,0x00000000d5d00000)
  from space 1024K, 70% used [0x00000000d5e80000,0x00000000d5f34010,0x00000000d5f80000)
  to   space 1024K, 0% used [0x00000000d5d80000,0x00000000d5d80000,0x00000000d5e80000)
 ParOldGen       total 728064K, used 208031K [0x0000000080000000, 0x00000000ac700000, 0x00000000d5580000)
  object space 728064K, 28% used [0x0000000080000000,0x000000008cb27d90,0x00000000ac700000)
 Metaspace       used 84511K, committed 86400K, reserved 1179648K
  class space    used 8668K, committed 9536K, reserved 1048576K
}
Event: 748.000 GC heap before
{Heap before GC invocations=1242 (full 5):
 PSYoungGen      total 8704K, used 8399K [0x00000000d5580000, 0x00000000d5f80000, 0x0000000100000000)
  eden space 7680K, 99% used [0x00000000d5580000,0x00000000d5cfff70,0x00000000d5d00000)
  from space 1024K, 70% used [0x00000000d5e80000,0x00000000d5f34010,0x00000000d5f80000)
  to   space 1024K, 0% used [0x00000000d5d80000,0x00000000d5d80000,0x00000000d5e80000)
 ParOldGen       total 728064K, used 208031K [0x0000000080000000, 0x00000000ac700000, 0x00000000d5580000)
  object space 728064K, 28% used [0x0000000080000000,0x000000008cb27d90,0x00000000ac700000)
 Metaspace       used 84518K, committed 86400K, reserved 1179648K
  class space    used 8668K, committed 9536K, reserved 1048576K
}
Event: 748.001 GC heap after
{Heap after GC invocations=1242 (full 5):
 PSYoungGen      total 8704K, used 576K [0x00000000d5580000, 0x00000000d5f00000, 0x0000000100000000)
  eden space 7680K, 0% used [0x00000000d5580000,0x00000000d5580000,0x00000000d5d00000)
  from space 1024K, 56% used [0x00000000d5d80000,0x00000000d5e10000,0x00000000d5e80000)
  to   space 512K, 0% used [0x00000000d5e80000,0x00000000d5e80000,0x00000000d5f00000)
 ParOldGen       total 728064K, used 208447K [0x0000000080000000, 0x00000000ac700000, 0x00000000d5580000)
  object space 728064K, 28% used [0x0000000080000000,0x000000008cb8fd90,0x00000000ac700000)
 Metaspace       used 84518K, committed 86400K, reserved 1179648K
  class space    used 8668K, committed 9536K, reserved 1048576K
}
Event: 748.052 GC heap before
{Heap before GC invocations=1243 (full 5):
 PSYoungGen      total 8704K, used 8131K [0x00000000d5580000, 0x00000000d5f00000, 0x0000000100000000)
  eden space 7680K, 98% used [0x00000000d5580000,0x00000000d5ce0c68,0x00000000d5d00000)
  from space 1024K, 56% used [0x00000000d5d80000,0x00000000d5e10000,0x00000000d5e80000)
  to   space 512K, 0% used [0x00000000d5e80000,0x00000000d5e80000,0x00000000d5f00000)
 ParOldGen       total 728064K, used 208447K [0x0000000080000000, 0x00000000ac700000, 0x00000000d5580000)
  object space 728064K, 28% used [0x0000000080000000,0x000000008cb8fd90,0x00000000ac700000)
 Metaspace       used 84521K, committed 86400K, reserved 1179648K
  class space    used 8668K, committed 9536K, reserved 1048576K
}
Event: 748.053 GC heap after
{Heap after GC invocations=1243 (full 5):
 PSYoungGen      total 7680K, used 500K [0x00000000d5580000, 0x00000000d6100000, 0x0000000100000000)
  eden space 7168K, 0% used [0x00000000d5580000,0x00000000d5580000,0x00000000d5c80000)
  from space 512K, 97% used [0x00000000d5e80000,0x00000000d5efd050,0x00000000d5f00000)
  to   space 2048K, 0% used [0x00000000d5c80000,0x00000000d5c80000,0x00000000d5e80000)
 ParOldGen       total 728064K, used 209553K [0x0000000080000000, 0x00000000ac700000, 0x00000000d5580000)
  object space 728064K, 28% used [0x0000000080000000,0x000000008cca47a8,0x00000000ac700000)
 Metaspace       used 84521K, committed 86400K, reserved 1179648K
  class space    used 8668K, committed 9536K, reserved 1048576K
}

