# JRE version: Java(TM) SE Runtime Environment (19.0+36) (build 19+36-2238)
# Java VM: Java HotSpot(TM) 64-Bit Server VM (19+36-2238, mixed mode, sharing, tiered, compressed oops, compressed class ptrs, g1 gc, windows-amd64)
GC Precious Log:
 CardTable entry size: 512
 Card Set container configuration: InlinePtr #cards 4 size 8 Array Of Cards #cards 8 size 32 Howl #buckets 8 coarsen threshold 3686 Howl Bitmap #cards 512 size 80 coarsen threshold 460 Card regions per heap region 1 cards per card region 4096
 CPUs: 12 total, 12 available
 Memory: 16163M
 Large Page Support: Disabled
 NUMA Support: Disabled
 Compressed Oops: Enabled (Zero based)
 Heap Region Size: 2M
 Heap Min Capacity: 8M
 Heap Initial Capacity: 254M
 Heap Max Capacity: 4042M
 Pre-touch: Disabled
 Parallel Workers: 10
 Concurrent Workers: 3
 Concurrent Refinement Workers: 10
 Periodic GC: Disabled
Heap:
 garbage-first heap   total 180224K, used 124987K [0x0000000703600000, 0x0000000800000000)
  region size 2048K, 38 young (77824K), 4 survivors (8192K)
 Metaspace       used 99972K, committed 100928K, reserved 1179648K
  class space    used 13224K, committed 13696K, reserved 1048576K
GC Heap History (20 events):
Event: 13.524 GC heap before
{Heap before GC invocations=21 (full 0):
 garbage-first heap   total 71680K, used 53429K [0x0000000703600000, 0x0000000800000000)
  region size 2048K, 11 young (22528K), 2 survivors (4096K)
 Metaspace       used 78094K, committed 78784K, reserved 1179648K
  class space    used 10193K, committed 10496K, reserved 1048576K
}
Event: 13.527 GC heap after
{Heap after GC invocations=22 (full 0):
 garbage-first heap   total 71680K, used 38481K [0x0000000703600000, 0x0000000800000000)
  region size 2048K, 2 young (4096K), 2 survivors (4096K)
 Metaspace       used 78094K, committed 78784K, reserved 1179648K
  class space    used 10193K, committed 10496K, reserved 1048576K
}
Event: 14.300 GC heap before
{Heap before GC invocations=22 (full 0):
 garbage-first heap   total 71680K, used 54865K [0x0000000703600000, 0x0000000800000000)
  region size 2048K, 10 young (20480K), 2 survivors (4096K)
 Metaspace       used 81472K, committed 82176K, reserved 1179648K
  class space    used 10579K, committed 10880K, reserved 1048576K
}
Event: 14.304 GC heap after
{Heap after GC invocations=23 (full 0):
 garbage-first heap   total 71680K, used 41057K [0x0000000703600000, 0x0000000800000000)
  region size 2048K, 2 young (4096K), 2 survivors (4096K)
 Metaspace       used 81472K, committed 82176K, reserved 1179648K
  class space    used 10579K, committed 10880K, reserved 1048576K
}
Event: 14.664 GC heap before
{Heap before GC invocations=24 (full 0):
 garbage-first heap   total 79872K, used 53345K [0x0000000703600000, 0x0000000800000000)
  region size 2048K, 9 young (18432K), 2 survivors (4096K)
 Metaspace       used 82951K, committed 83584K, reserved 1179648K
  class space    used 10732K, committed 11008K, reserved 1048576K
}
Event: 14.667 GC heap after
{Heap after GC invocations=25 (full 0):
 garbage-first heap   total 79872K, used 41480K [0x0000000703600000, 0x0000000800000000)
  region size 2048K, 1 young (2048K), 1 survivors (2048K)
 Metaspace       used 82951K, committed 83584K, reserved 1179648K
  class space    used 10732K, committed 11008K, reserved 1048576K
}
Event: 15.193 GC heap before
{Heap before GC invocations=25 (full 0):
 garbage-first heap   total 79872K, used 61960K [0x0000000703600000, 0x0000000800000000)
  region size 2048K, 11 young (22528K), 1 survivors (2048K)
 Metaspace       used 86174K, committed 86784K, reserved 1179648K
  class space    used 11374K, committed 11648K, reserved 1048576K
}
Event: 15.196 GC heap after
{Heap after GC invocations=26 (full 0):
 garbage-first heap   total 79872K, used 43555K [0x0000000703600000, 0x0000000800000000)
  region size 2048K, 2 young (4096K), 2 survivors (4096K)
 Metaspace       used 86174K, committed 86784K, reserved 1179648K
  class space    used 11374K, committed 11648K, reserved 1048576K
}
Event: 15.292 GC heap before
{Heap before GC invocations=27 (full 0):
 garbage-first heap   total 90112K, used 61987K [0x0000000703600000, 0x0000000800000000)
  region size 2048K, 11 young (22528K), 2 survivors (4096K)
 Metaspace       used 86189K, committed 86784K, reserved 1179648K
  class space    used 11374K, committed 11648K, reserved 1048576K
}
Event: 15.296 GC heap after
{Heap after GC invocations=28 (full 0):
 garbage-first heap   total 90112K, used 46593K [0x0000000703600000, 0x0000000800000000)
  region size 2048K, 2 young (4096K), 2 survivors (4096K)
 Metaspace       used 86189K, committed 86784K, reserved 1179648K
  class space    used 11374K, committed 11648K, reserved 1048576K
}
Event: 15.302 GC heap before
{Heap before GC invocations=28 (full 0):
 garbage-first heap   total 90112K, used 48641K [0x0000000703600000, 0x0000000800000000)
  region size 2048K, 3 young (6144K), 2 survivors (4096K)
 Metaspace       used 86189K, committed 86784K, reserved 1179648K
  class space    used 11374K, committed 11648K, reserved 1048576K
}
Event: 15.304 GC heap after
{Heap after GC invocations=29 (full 0):
 garbage-first heap   total 90112K, used 46994K [0x0000000703600000, 0x0000000800000000)
  region size 2048K, 1 young (2048K), 1 survivors (2048K)
 Metaspace       used 86189K, committed 86784K, reserved 1179648K
  class space    used 11374K, committed 11648K, reserved 1048576K
}
Event: 15.676 GC heap before
{Heap before GC invocations=29 (full 0):
 garbage-first heap   total 90112K, used 67474K [0x0000000703600000, 0x0000000800000000)
  region size 2048K, 11 young (22528K), 1 survivors (2048K)
 Metaspace       used 87961K, committed 88640K, reserved 1179648K
  class space    used 11618K, committed 11904K, reserved 1048576K
}
Event: 15.678 GC heap after
{Heap after GC invocations=30 (full 0):
 garbage-first heap   total 180224K, used 48637K [0x0000000703600000, 0x0000000800000000)
  region size 2048K, 2 young (4096K), 2 survivors (4096K)
 Metaspace       used 87961K, committed 88640K, reserved 1179648K
  class space    used 11618K, committed 11904K, reserved 1048576K
}
Event: 16.371 GC heap before
{Heap before GC invocations=31 (full 0):
 garbage-first heap   total 180224K, used 134653K [0x0000000703600000, 0x0000000800000000)
  region size 2048K, 44 young (90112K), 2 survivors (4096K)
 Metaspace       used 89010K, committed 89728K, reserved 1179648K
  class space    used 11759K, committed 12096K, reserved 1048576K
}
Event: 16.377 GC heap after
{Heap after GC invocations=32 (full 0):
 garbage-first heap   total 180224K, used 53893K [0x0000000703600000, 0x0000000800000000)
  region size 2048K, 4 young (8192K), 4 survivors (8192K)
 Metaspace       used 89010K, committed 89728K, reserved 1179648K
  class space    used 11759K, committed 12096K, reserved 1048576K
}
Event: 16.575 GC heap before
{Heap before GC invocations=32 (full 0):
 garbage-first heap   total 180224K, used 137861K [0x0000000703600000, 0x0000000800000000)
  region size 2048K, 45 young (92160K), 4 survivors (8192K)
 Metaspace       used 89066K, committed 89792K, reserved 1179648K
  class space    used 11767K, committed 12096K, reserved 1048576K
}
Event: 16.579 GC heap after
{Heap after GC invocations=33 (full 0):
 garbage-first heap   total 180224K, used 53008K [0x0000000703600000, 0x0000000800000000)
  region size 2048K, 2 young (4096K), 2 survivors (4096K)
 Metaspace       used 89066K, committed 89792K, reserved 1179648K
  class space    used 11767K, committed 12096K, reserved 1048576K
}
Event: 18.319 GC heap before
{Heap before GC invocations=33 (full 0):
 garbage-first heap   total 180224K, used 141072K [0x0000000703600000, 0x0000000800000000)
  region size 2048K, 45 young (92160K), 2 survivors (4096K)
 Metaspace       used 95246K, committed 96064K, reserved 1179648K
  class space    used 12575K, committed 12992K, reserved 1048576K
}
Event: 18.325 GC heap after
{Heap after GC invocations=34 (full 0):
 garbage-first heap   total 180224K, used 57403K [0x0000000703600000, 0x0000000800000000)
  region size 2048K, 4 young (8192K), 4 survivors (8192K)
 Metaspace       used 95246K, committed 96064K, reserved 1179648K
  class space    used 12575K, committed 12992K, reserved 1048576K
}

